<?xml version="1.0" encoding="UTF-8"?>
<testng-results skipped="0" failed="0" ignored="0" total="0" passed="0">
  <reporter-output>
  </reporter-output>
  <suite name="Default suite" duration-ms="215" started-at="2022-03-31T12:04:29 IST" finished-at="2022-03-31T12:04:29 IST">
    <groups>
      <group name="cucumber">
        <method signature="AbstractTestNGCucumberTests.runScenario(io.cucumber.testng.PickleWrapper,io.cucumber.testng.FeatureWrapper)[pri:0, instance:com.qa.testrunner.TestRunner@10a035a0]" name="runScenario" class="io.cucumber.testng.AbstractTestNGCucumberTests"/>
      </group> <!-- cucumber -->
    </groups>
    <test name="Default test" duration-ms="215" started-at="2022-03-31T12:04:29 IST" finished-at="2022-03-31T12:04:29 IST">
      <class name="com.qa.testrunner.TestRunner">
        <test-method status="PASS" signature="setUpClass(org.testng.ITestContext)[pri:0, instance:com.qa.testrunner.TestRunner@10a035a0]" name="setUpClass" is-config="true" duration-ms="161" started-at="2022-03-31T12:04:29 IST" finished-at="2022-03-31T12:04:29 IST">
          <params>
            <param index="0">
              <value>
                <![CDATA[org.testng.TestRunner@55141def]]>
              </value>
            </param>
          </params>
          <reporter-output>
          </reporter-output>
        </test-method> <!-- setUpClass -->
        <test-method status="PASS" signature="tearDownClass()[pri:0, instance:com.qa.testrunner.TestRunner@10a035a0]" name="tearDownClass" is-config="true" duration-ms="22" started-at="2022-03-31T12:04:29 IST" finished-at="2022-03-31T12:04:29 IST">
          <reporter-output>
          </reporter-output>
        </test-method> <!-- tearDownClass -->
      </class> <!-- com.qa.testrunner.TestRunner -->
    </test> <!-- Default test -->
  </suite> <!-- Default suite -->
</testng-results>
